 [2014-06-17 19:45:04] Invalid config option --api-port: Value out of range                    
 [2014-06-17 19:45:04] Started cgminer 3.1.1                    
 [2014-06-17 19:45:04] Loaded configuration file conf/cgminer_ttyUSB0.conf                    
 [2014-06-17 19:45:04] Error in configuration file, partially loaded.                    
 [2014-06-17 19:45:08] [Speed] 328Mhz core|chip|board: [27.9K/s], [223K/s], [42.9M/s], readcount:281,bitnum:8                     
 [2014-06-17 19:45:08] Probing for an alive pool                    
 [2014-06-17 19:45:09] Switching to pool 1 stratum+tcp://hk-1.liteguardian.com:3335 - first alive pool                    
 [2014-06-17 19:45:09] Network diff set to 713M                    
 [2014-06-17 19:45:09] Icarus 0 nounce2 = 00000000 readcount = 281 try sent: da25014e00000000                    
 [2014-06-17 19:45:09] Pool 0 stratum+tcp://us.clevermining.com:3333 alive                    
 [2014-06-17 19:45:09] Switching to pool 0 stratum+tcp://us.clevermining.com:3333                    
 [2014-06-17 19:45:10] Network diff set to 378K                    
 [2014-06-17 19:45:10] Stratum from pool 0 detected new block                    
 [2014-06-17 19:45:10] Pool 1 stale share detected, submitting as user requested                    
 [2014-06-17 19:45:10] 1restart or 2timeout:1                     
 [2014-06-17 19:45:10] Icarus 0 nounce2 = 01000000 readcount = 281 try sent: da25007f00000000                    
 [2014-06-17 19:45:10] Accepted c8ff854c Diff 407/196 ICA 0 pool 1                     
 [2014-06-17 19:45:12] Network diff set to 378K                    
 [2014-06-17 19:45:12] Stratum from pool 0 detected new block                    
 [2014-06-17 19:45:12] 1restart or 2timeout:1                     
 [2014-06-17 19:45:12] Icarus 0 nounce2 = 01000000 readcount = 281 try sent: da25007f00000000                    
 [2014-06-17 19:45:14] API running in UNRESTRICTED read access mode on port -15608 (3)                    
(5s):13.10M (avg):20.70Mh/s | A:1  R:0  HW:0  U:10.0/m  WU:1958.3/m          
 [2014-06-17 19:45:15] Network diff set to 379K                    
 [2014-06-17 19:45:15] Stratum from pool 0 detected new block                    
 [2014-06-17 19:45:15] 1restart or 2timeout:1                     
 [2014-06-17 19:45:16] Icarus 0 nounce2 = 01000000 readcount = 281 try sent: da25007f00000000                    
(5s):19.29M (avg):21.79Mh/s | A:1  R:0  HW:0  U:5.0/m  WU:979.5/m          
 [2014-06-17 19:45:24] Network diff set to 380K                    
 [2014-06-17 19:45:24] Stratum from pool 0 detected new block                    
 [2014-06-17 19:45:24] 1restart or 2timeout:1                     
 [2014-06-17 19:45:24] Icarus 0 nounce2 = 01000000 readcount = 281 try sent: da25007f00000000                    
 [2014-06-17 19:45:26] Network diff set to 381K                    
 [2014-06-17 19:45:26] Stratum from pool 0 detected new block                    
 [2014-06-17 19:45:26] 1restart or 2timeout:1                     
 [2014-06-17 19:45:26] Icarus 0 nounce2 = 01000000 readcount = 281 try sent: da25007f00000000                    
(5s):51.52M (avg):37.92Mh/s | A:1  R:0  HW:0  U:3.3/m  WU:653.1/m          
 [2014-06-17 19:45:29] Accepted a55990b8 Diff 1.12K/512 ICA 0 pool 0                     
(5s):18.91M (avg):28.44Mh/s | A:2  R:0  HW:0  U:5.0/m  WU:1769.3/m          
(5s):6.941M (avg):23.03Mh/s | A:2  R:0  HW:0  U:4.0/m  WU:1432.3/m          
 [2014-06-17 19:45:39] Network diff set to 381K                    
 [2014-06-17 19:45:39] Stratum from pool 0 detected new block                    
 [2014-06-17 19:45:39] 1restart or 2timeout:1                     
 [2014-06-17 19:45:39] Icarus 0 nounce2 = 01000000 readcount = 281 try sent: da25007f00000000                    
(5s):65.11M (avg):35.79Mh/s | A:2  R:0  HW:0  U:3.4/m  WU:1191.3/m          
 [2014-06-17 19:45:46] Network diff set to 382K                    
 [2014-06-17 19:45:46] Stratum from pool 0 detected new block                    
 [2014-06-17 19:45:46] 1restart or 2timeout:1                     
 [2014-06-17 19:45:46] Icarus 0 nounce2 = 01000000 readcount = 281 try sent: da25007f00000000                    
(5s):58.76M (avg):37.52Mh/s | A:2  R:0  HW:0  U:2.9/m  WU:1019.5/m          
 [2014-06-17 19:45:53] Accepted d6b275ec Diff 78.1K/512 ICA 0 pool 0                     
 [2014-06-17 19:45:54] Network diff set to 383K                    
 [2014-06-17 19:45:54] Stratum from pool 0 detected new block                    
 [2014-06-17 19:45:54] 1restart or 2timeout:1                     
 [2014-06-17 19:45:54] Icarus 0 nounce2 = 01000000 readcount = 281 try sent: da25007f00000000                    
 [2014-06-17 19:45:56] Accepted 7e198fbb Diff 582/512 ICA 0 pool 0                     
(5s):57.90M (avg):39.90Mh/s | A:4  R:0  HW:0  U:5.0/m  WU:2180.1/m          
 [2014-06-17 19:45:57] Network diff set to 384K                    
 [2014-06-17 19:45:57] Stratum from pool 0 detected new block                    
 [2014-06-17 19:45:57] 1restart or 2timeout:1                     
 [2014-06-17 19:45:57] Icarus 0 nounce2 = 01000000 readcount = 281 try sent: da25007f00000000                    
(5s):34.27M (avg):37.74Mh/s | A:4  R:0  HW:0  U:4.5/m  WU:1936.3/m          
